[16-Mar-2019 06:56:01 UTC] PHP Fatal error:  Interface 'HistoryInsterface' not found in /Applications/MAMP/htdocs/monster_portfolio/index.php on line 137
[16-Mar-2019 06:56:02 UTC] PHP Fatal error:  Interface 'HistoryInsterface' not found in /Applications/MAMP/htdocs/monster_portfolio/index.php on line 137
[16-Mar-2019 06:56:33 UTC] POSTされた！
[16-Mar-2019 06:56:34 UTC] POSTされた！
[16-Mar-2019 06:56:35 UTC] POSTされた！
[16-Mar-2019 06:56:36 UTC] POSTされた！
[16-Mar-2019 06:56:36 UTC] POSTされた！
[16-Mar-2019 06:56:37 UTC] POSTされた！
[16-Mar-2019 06:56:38 UTC] POSTされた！
[16-Mar-2019 06:56:38 UTC] POSTされた！
[16-Mar-2019 06:56:39 UTC] POSTされた！
[16-Mar-2019 06:56:40 UTC] POSTされた！
[16-Mar-2019 06:56:40 UTC] POSTされた！
[16-Mar-2019 06:56:40 UTC] POSTされた！
[16-Mar-2019 06:56:41 UTC] POSTされた！
[16-Mar-2019 06:56:41 UTC] POSTされた！
[16-Mar-2019 06:56:41 UTC] POSTされた！
[16-Mar-2019 06:56:42 UTC] POSTされた！
[16-Mar-2019 06:56:42 UTC] POSTされた！
[16-Mar-2019 06:56:42 UTC] POSTされた！
[16-Mar-2019 06:56:43 UTC] POSTされた！
[16-Mar-2019 06:56:43 UTC] POSTされた！
[16-Mar-2019 06:56:44 UTC] POSTされた！
[16-Mar-2019 06:56:44 UTC] POSTされた！
[16-Mar-2019 06:56:44 UTC] POSTされた！
[16-Mar-2019 06:56:45 UTC] POSTされた！
[16-Mar-2019 06:56:45 UTC] POSTされた！
[16-Mar-2019 06:56:45 UTC] POSTされた！
[16-Mar-2019 06:56:46 UTC] POSTされた！
[16-Mar-2019 06:56:47 UTC] POSTされた！
[16-Mar-2019 06:56:47 UTC] POSTされた！
[16-Mar-2019 06:56:48 UTC] POSTされた！
[16-Mar-2019 06:56:48 UTC] POSTされた！
[16-Mar-2019 06:56:48 UTC] POSTされた！
[16-Mar-2019 06:56:49 UTC] POSTされた！
[16-Mar-2019 06:56:49 UTC] POSTされた！
[16-Mar-2019 06:56:49 UTC] POSTされた！
[16-Mar-2019 06:56:50 UTC] POSTされた！
[16-Mar-2019 06:56:50 UTC] POSTされた！
[16-Mar-2019 06:56:51 UTC] POSTされた！
[16-Mar-2019 06:56:51 UTC] POSTされた！
[16-Mar-2019 06:56:51 UTC] POSTされた！
[16-Mar-2019 06:56:53 UTC] POSTされた！
[16-Mar-2019 06:56:54 UTC] POSTされた！
[16-Mar-2019 06:56:57 UTC] POSTされた！
[16-Mar-2019 06:56:58 UTC] POSTされた！
[16-Mar-2019 06:57:07 UTC] POSTされた！
[16-Mar-2019 06:57:07 UTC] POSTされた！
[16-Mar-2019 06:57:08 UTC] POSTされた！
[16-Mar-2019 06:57:08 UTC] POSTされた！
[16-Mar-2019 06:57:08 UTC] POSTされた！
[16-Mar-2019 06:57:08 UTC] POSTされた！
[16-Mar-2019 06:57:09 UTC] POSTされた！
[16-Mar-2019 06:57:09 UTC] POSTされた！
[16-Mar-2019 06:57:10 UTC] POSTされた！
[16-Mar-2019 06:57:10 UTC] POSTされた！
[16-Mar-2019 06:57:10 UTC] POSTされた！
[16-Mar-2019 06:57:11 UTC] POSTされた！
[16-Mar-2019 06:57:11 UTC] POSTされた！
[16-Mar-2019 07:20:38 UTC] PHP Fatal error:  Uncaught Error: Undefined class constant 'OKAMA' in /Applications/MAMP/htdocs/monster_portfolio/index.php:147
Stack trace:
#0 {main}
  thrown in /Applications/MAMP/htdocs/monster_portfolio/index.php on line 147
[16-Mar-2019 07:20:41 UTC] PHP Fatal error:  Uncaught Error: Undefined class constant 'OKAMA' in /Applications/MAMP/htdocs/monster_portfolio/index.php:147
Stack trace:
#0 {main}
  thrown in /Applications/MAMP/htdocs/monster_portfolio/index.php on line 147
[16-Mar-2019 07:21:46 UTC] POSTされた！
[16-Mar-2019 07:21:48 UTC] POSTされた！
[16-Mar-2019 07:21:50 UTC] POSTされた！
[16-Mar-2019 07:21:52 UTC] POSTされた！
[16-Mar-2019 07:21:53 UTC] POSTされた！
[16-Mar-2019 07:21:54 UTC] POSTされた！
[16-Mar-2019 07:21:56 UTC] POSTされた！
[16-Mar-2019 07:21:56 UTC] POSTされた！
[16-Mar-2019 07:21:57 UTC] POSTされた！
[16-Mar-2019 07:21:58 UTC] POSTされた！
[16-Mar-2019 07:21:58 UTC] POSTされた！
[16-Mar-2019 07:21:58 UTC] POSTされた！
[16-Mar-2019 07:21:59 UTC] POSTされた！
[16-Mar-2019 07:22:00 UTC] POSTされた！
[16-Mar-2019 07:22:02 UTC] POSTされた！
[16-Mar-2019 07:22:02 UTC] POSTされた！
[16-Mar-2019 07:22:03 UTC] POSTされた！
[16-Mar-2019 07:22:04 UTC] POSTされた！
[16-Mar-2019 07:22:05 UTC] POSTされた！
[16-Mar-2019 07:22:08 UTC] POSTされた！
[16-Mar-2019 07:22:09 UTC] POSTされた！
[16-Mar-2019 07:22:10 UTC] POSTされた！
[16-Mar-2019 07:22:11 UTC] POSTされた！
[16-Mar-2019 07:22:12 UTC] POSTされた！
[16-Mar-2019 07:22:12 UTC] POSTされた！
[16-Mar-2019 07:22:13 UTC] POSTされた！
[16-Mar-2019 07:22:14 UTC] POSTされた！
[16-Mar-2019 07:22:14 UTC] POSTされた！
[16-Mar-2019 07:22:15 UTC] POSTされた！
[16-Mar-2019 07:22:16 UTC] POSTされた！
[16-Mar-2019 07:22:20 UTC] POSTされた！
[16-Mar-2019 07:22:21 UTC] POSTされた！
[16-Mar-2019 07:22:21 UTC] POSTされた！
[16-Mar-2019 07:22:21 UTC] POSTされた！
[16-Mar-2019 07:22:22 UTC] POSTされた！
[16-Mar-2019 07:22:23 UTC] POSTされた！
